<?xml version="1.0" encoding="UTF-8"?>
<testsuite xmlns:xsi="http://www.w3.org/2001/XMLSchema-instance" xsi:noNamespaceSchemaLocation="https://maven.apache.org/surefire/maven-surefire-plugin/xsd/surefire-test-report.xsd" name="com.example.demo.controllers.OrderControllerTest" time="0.048" tests="4" errors="0" skipped="0" failures="0">
  <properties>
[...]
</properties>
  <testcase name="testGetOrdersForUser_UserNotFound" classname="com.example.demo.controllers.OrderControllerTest" time="0.042"/>
  <testcase name="testSubmitOrder_UserNotFound" classname="com.example.demo.controllers.OrderControllerTest" time="0.002"/>
  <testcase name="testGetOrdersForUser_Success" classname="com.example.demo.controllers.OrderControllerTest" time="0.002"/>
  <testcase name="testSubmitOrder_Success" classname="com.example.demo.controllers.OrderControllerTest" time="0.002"/>
</testsuite>